<?xml version="1.0" encoding="UTF-8"?>
<!-- Generated by org.testng.reporters.JUnitXMLReporter -->
<testsuite ignored="0" hostname="DESKTOP-L042VK9" failures="1" tests="6" name="ChromeTest" time="110.543" errors="0" timestamp="2022-04-18T15:44:27 IST">
  <testcase classname="fnp.Fernspetal" name="login" time="32.877"/>
  <testcase classname="fnp.Fernspetal" name="login" time="16.991"/>
  <testcase classname="fnp.Fernspetal" name="login" time="13.007"/>
  <testcase classname="fnp.Fernspetal" name="login" time="12.593"/>
  <testcase classname="fnp.Fernspetal" name="login" time="13.117"/>
  <testcase classname="fnp.Fernspetal" name="order" time="11.052">
    <failure type="org.openqa.selenium.ElementClickInterceptedException" message="element click intercepted: Element &amp;lt;li role=&amp;quot;option&amp;quot; id=&amp;quot;react-autowhatever-1--item-0&amp;quot; aria-selected=&amp;quot;true&amp;quot; class=&amp;quot;react-autosuggest__suggestion react-autosuggest__suggestion--first react-autosuggest__suggestion--highlighted&amp;quot; data-suggestion-index=&amp;quot;0&amp;quot;&amp;gt;...&amp;lt;/li&amp;gt; is not clickable at point (824, 609). Other element would receive the click: &amp;lt;div class=&amp;quot;js-image-zoom__zoomed-image&amp;quot; style=&amp;quot;background-image: url(&amp;amp;quot;/images/pr/x/v20211028102331/ornamental-jade-plant-in-brass-pot_1.jpg&amp;amp;quot;); display: block; position: absolute; top: 0px; transform: translateX(100%); background-size: 1500px 1500px; overflow: hidden; text-align: center; background-color: rgb(255, 255, 255); width: 617px; height: 600px; float: left; border: 1px solid rgb(204, 204, 204); background-repeat: no-repeat; box-shadow: rgba(0, 0, 0, 0.4) 0px 0px 10px 0px; right: 0px;&amp;quot;&amp;gt;&amp;lt;/div&amp;gt;
  (Session info: chrome=100.0.4896.88)
Build info: version: &amp;apos;3.141.59&amp;apos;, revision: &amp;apos;e82be7d358&amp;apos;, time: &amp;apos;2018-11-14T08:17:03&amp;apos;
System info: host: &amp;apos;DESKTOP-L042VK9&amp;apos;, ip: &amp;apos;192.168.0.107&amp;apos;, os.name: &amp;apos;Windows 10&amp;apos;, os.arch: &amp;apos;amd64&amp;apos;, os.version: &amp;apos;10.0&amp;apos;, java.version: &amp;apos;16.0.1&amp;apos;
Driver info: org.openqa.selenium.chrome.ChromeDriver
Capabilities {acceptInsecureCerts: false, browserName: chrome, browserVersion: 100.0.4896.88, chrome: {chromedriverVersion: 99.0.4844.51 (d537ec02474b5..., userDataDir: C:\Users\kps\AppData\Local\...}, goog:chromeOptions: {debuggerAddress: localhost:56069}, javascriptEnabled: true, networkConnectionEnabled: false, pageLoadStrategy: normal, platform: WINDOWS, platformName: WINDOWS, proxy: Proxy(), setWindowRect: true, strictFileInteractability: false, timeouts: {implicit: 0, pageLoad: 300000, script: 30000}, unhandledPromptBehavior: dismiss and notify, webauthn:extension:credBlob: true, webauthn:extension:largeBlob: true, webauthn:virtualAuthenticators: true}
Session ID: 3e768c377f7f221c3d42c10ec8ee6481">
      <![CDATA[org.openqa.selenium.ElementClickInterceptedException: element click intercepted: Element <li role="option" id="react-autowhatever-1--item-0" aria-selected="true" class="react-autosuggest__suggestion react-autosuggest__suggestion--first react-autosuggest__suggestion--highlighted" data-suggestion-index="0">...</li> is not clickable at point (824, 609). Other element would receive the click: <div class="js-image-zoom__zoomed-image" style="background-image: url(&quot;/images/pr/x/v20211028102331/ornamental-jade-plant-in-brass-pot_1.jpg&quot;); display: block; position: absolute; top: 0px; transform: translateX(100%); background-size: 1500px 1500px; overflow: hidden; text-align: center; background-color: rgb(255, 255, 255); width: 617px; height: 600px; float: left; border: 1px solid rgb(204, 204, 204); background-repeat: no-repeat; box-shadow: rgba(0, 0, 0, 0.4) 0px 0px 10px 0px; right: 0px;"></div>
  (Session info: chrome=100.0.4896.88)
Build info: version: '3.141.59', revision: 'e82be7d358', time: '2018-11-14T08:17:03'
System info: host: 'DESKTOP-L042VK9', ip: '192.168.0.107', os.name: 'Windows 10', os.arch: 'amd64', os.version: '10.0', java.version: '16.0.1'
Driver info: org.openqa.selenium.chrome.ChromeDriver
Capabilities {acceptInsecureCerts: false, browserName: chrome, browserVersion: 100.0.4896.88, chrome: {chromedriverVersion: 99.0.4844.51 (d537ec02474b5..., userDataDir: C:\Users\kps\AppData\Local\...}, goog:chromeOptions: {debuggerAddress: localhost:56069}, javascriptEnabled: true, networkConnectionEnabled: false, pageLoadStrategy: normal, platform: WINDOWS, platformName: WINDOWS, proxy: Proxy(), setWindowRect: true, strictFileInteractability: false, timeouts: {implicit: 0, pageLoad: 300000, script: 30000}, unhandledPromptBehavior: dismiss and notify, webauthn:extension:credBlob: true, webauthn:extension:largeBlob: true, webauthn:virtualAuthenticators: true}
Session ID: 3e768c377f7f221c3d42c10ec8ee6481
at org.openqa.selenium.remote.http.W3CHttpResponseCodec.createException(W3CHttpResponseCodec.java:187)
at org.openqa.selenium.remote.http.W3CHttpResponseCodec.decode(W3CHttpResponseCodec.java:122)
at org.openqa.selenium.remote.http.W3CHttpResponseCodec.decode(W3CHttpResponseCodec.java:49)
at org.openqa.selenium.remote.HttpCommandExecutor.execute(HttpCommandExecutor.java:158)
at org.openqa.selenium.remote.service.DriverCommandExecutor.execute(DriverCommandExecutor.java:83)
at org.openqa.selenium.remote.RemoteWebDriver.execute(RemoteWebDriver.java:552)
at org.openqa.selenium.remote.RemoteWebElement.execute(RemoteWebElement.java:285)
at org.openqa.selenium.remote.RemoteWebElement.click(RemoteWebElement.java:84)
at org.openqa.selenium.support.pagefactory.internal.LocatingElementHandler.invoke(LocatingElementHandler.java:51)
at jdk.proxy2/jdk.proxy2.$Proxy12.click(Unknown Source)
at fnp.Fernspetal.order(Fernspetal.java:78)
at java.base/java.util.ArrayList.forEach(ArrayList.java:1511)
... Removed 39 stack frames]]>
    </failure>
  </testcase> <!-- order -->
</testsuite> <!-- ChromeTest -->
